<?xml version="1.0" encoding="UTF-8"?>
<!-- Generated by org.testng.reporters.JUnitReportReporter -->
<testsuite hostname="DESKTOP-SV2EMB9" failures="0" tests="2" name="selenium.crudTest.CRUD_Firefox_SirBao" time="6.670" errors="0" timestamp="2021-03-07T21:21:50 ICT" skipped="0">
  <testcase classname="selenium.crudTest.CRUD_Firefox_SirBao" name="checkInsert" time="4.338"/>
  <system-out/>
  <testcase classname="selenium.crudTest.CRUD_Firefox_SirBao" name="checkDeleteRow" time="2.332"/>
  <system-out/>
</testsuite> <!-- selenium.crudTest.CRUD_Firefox_SirBao -->
