<?xml version="1.0" encoding="UTF-8"?>
<!-- Generated by org.testng.reporters.JUnitReportReporter -->
<testsuite hostname="DESKTOP-SV2EMB9" failures="0" tests="1" name="selenium.crudTest.TestUpdateFireFox" time="0.568" errors="0" timestamp="2021-03-07T21:50:41 ICT" skipped="0">
  <testcase classname="selenium.crudTest.TestUpdateFireFox" name="checkUpdateRow" time="0.568"/>
  <system-out/>
</testsuite> <!-- selenium.crudTest.TestUpdateFireFox -->
