<?xml version="1.0" encoding="UTF-8"?>
<!-- Generated by org.testng.reporters.JUnitReportReporter -->
<testsuite hostname="DESKTOP-SV2EMB9" failures="0" tests="2" name="JUnitTest.LoginTest" time="0.011" errors="0" timestamp="2021-03-03T18:31:28 ICT" skipped="0">
  <testcase classname="JUnitTest.LoginTest" name="LoginSuccess" time="0.002"/>
  <system-out/>
  <testcase classname="JUnitTest.LoginTest" name="LoginFaile" time="0.009"/>
  <system-out/>
</testsuite> <!-- JUnitTest.LoginTest -->
