<?xml version="1.0" encoding="UTF-8"?>
<!-- Generated by org.testng.reporters.JUnitReportReporter -->
<testsuite hostname="DESKTOP-SV2EMB9" failures="0" tests="2" name="selenium.crudTest.TestCrud" time="3.112" errors="0" timestamp="2021-03-07T15:52:50 ICT" skipped="0">
  <testcase classname="selenium.crudTest.TestCrud" name="checkInsert" time="2.581"/>
  <system-out/>
  <testcase classname="selenium.crudTest.TestCrud" name="checkDeleteRow" time="0.531"/>
  <system-out/>
</testsuite> <!-- selenium.crudTest.TestCrud -->
