<?xml version="1.0" encoding="UTF-8"?>
<!-- Generated by org.testng.reporters.JUnitReportReporter -->
<testsuite hostname="DESKTOP-SV2EMB9" failures="0" tests="3" name="selenium.showAccountTest.InsertTest" time="14.018" errors="0" timestamp="2021-03-01T22:28:58 ICT" skipped="0">
  <testcase classname="selenium.showAccountTest.InsertTest" name="LaunchWebsite" time="6.235"/>
  <system-out/>
  <testcase classname="selenium.showAccountTest.InsertTest" name="FillLoginDetails" time="2.683"/>
  <system-out/>
  <testcase classname="selenium.showAccountTest.InsertTest" name="DoLogin" time="5.100"/>
  <system-out/>
</testsuite> <!-- selenium.showAccountTest.InsertTest -->
